D:\desktop_program\NetList_8dire_16-1118\Debug\NetList.exe
D:\desktop_program\NetList_8dire_16-1118\Debug\NetList.ilk
D:\desktop_program\NetList_8dire_16-1118\Debug\NetList.pdb
D:\desktop_program\NetList_8dire_16-1118\NetList\Debug\cl.command.1.tlog
D:\desktop_program\NetList_8dire_16-1118\NetList\Debug\CL.read.1.tlog
D:\desktop_program\NetList_8dire_16-1118\NetList\Debug\CL.write.1.tlog
D:\desktop_program\NetList_8dire_16-1118\NetList\Debug\link.2884.read.1.tlog
D:\desktop_program\NetList_8dire_16-1118\NetList\Debug\link.2884.write.1.tlog
D:\desktop_program\NetList_8dire_16-1118\NetList\Debug\link.2884-cvtres.read.1.tlog
D:\desktop_program\NetList_8dire_16-1118\NetList\Debug\link.2884-cvtres.write.1.tlog
D:\desktop_program\NetList_8dire_16-1118\NetList\Debug\link.3128.read.1.tlog
D:\desktop_program\NetList_8dire_16-1118\NetList\Debug\link.3128.write.1.tlog
D:\desktop_program\NetList_8dire_16-1118\NetList\Debug\link.3128-cvtres.read.1.tlog
D:\desktop_program\NetList_8dire_16-1118\NetList\Debug\link.3128-cvtres.write.1.tlog
D:\desktop_program\NetList_8dire_16-1118\NetList\Debug\link.6996.read.1.tlog
D:\desktop_program\NetList_8dire_16-1118\NetList\Debug\link.6996.write.1.tlog
D:\desktop_program\NetList_8dire_16-1118\NetList\Debug\link.6996-cvtres.read.1.tlog
D:\desktop_program\NetList_8dire_16-1118\NetList\Debug\link.6996-cvtres.write.1.tlog
D:\desktop_program\NetList_8dire_16-1118\NetList\Debug\link.command.1.tlog
D:\desktop_program\NetList_8dire_16-1118\NetList\Debug\link.read.1.tlog
D:\desktop_program\NetList_8dire_16-1118\NetList\Debug\link.write.1.tlog
D:\desktop_program\NetList_8dire_16-1118\NetList\Debug\link-cvtres.read.1.tlog
D:\desktop_program\NetList_8dire_16-1118\NetList\Debug\link-cvtres.write.1.tlog
D:\desktop_program\NetList_8dire_16-1118\NetList\Debug\mt.command.1.tlog
D:\desktop_program\NetList_8dire_16-1118\NetList\Debug\mt.read.1.tlog
D:\desktop_program\NetList_8dire_16-1118\NetList\Debug\mt.write.1.tlog
D:\desktop_program\NetList_8dire_16-1118\NetList\Debug\NetList.exe.embed.manifest
D:\desktop_program\NetList_8dire_16-1118\NetList\Debug\NetList.exe.embed.manifest.res
D:\desktop_program\NetList_8dire_16-1118\NetList\Debug\NetList.exe.intermediate.manifest
D:\desktop_program\NetList_8dire_16-1118\NetList\Debug\NetList.vcxprojResolveAssemblyReference.cache
D:\desktop_program\NetList_8dire_16-1118\NetList\Debug\NetList.write.1.tlog
D:\desktop_program\NetList_8dire_16-1118\NetList\Debug\NetList_manifest.rc
D:\desktop_program\NetList_8dire_16-1118\NetList\Debug\Nrutil.obj
D:\desktop_program\NetList_8dire_16-1118\NetList\Debug\rc.command.1.tlog
D:\desktop_program\NetList_8dire_16-1118\NetList\Debug\rc.read.1.tlog
D:\desktop_program\NetList_8dire_16-1118\NetList\Debug\rc.write.1.tlog
D:\desktop_program\NetList_8dire_16-1118\NetList\Debug\spice2.obj
D:\desktop_program\NetList_8dire_16-1118\NetList\Debug\vc100.idb
D:\desktop_program\NetList_8dire_16-1118\NetList\Debug\vc100.pdb
D:\VISUAL STUDIO 2010\PROJECTS\NETLIST_8DIRE_16-1114\DEBUG\NETLIST.EXE
D:\VISUAL STUDIO 2010\PROJECTS\NETLIST_8DIRE_16-1114\DEBUG\NETLIST.ILK
D:\VISUAL STUDIO 2010\PROJECTS\NETLIST_8DIRE_16-1114\DEBUG\NETLIST.PDB
D:\VISUAL STUDIO 2010\PROJECTS\NETLIST_8DIRE_16-1114\NETLIST\DEBUG\NETLIST.EXE.EMBED.MANIFEST.RES
D:\VISUAL STUDIO 2010\PROJECTS\NETLIST_8DIRE_16-1114\NETLIST\DEBUG\NETLIST.EXE.INTERMEDIATE.MANIFEST
D:\VISUAL STUDIO 2010\PROJECTS\NETLIST_8DIRE_16-1114\NETLIST\DEBUG\NRUTIL.OBJ
D:\VISUAL STUDIO 2010\PROJECTS\NETLIST_8DIRE_16-1114\NETLIST\DEBUG\SPICE2.OBJ
D:\VISUAL STUDIO 2010\PROJECTS\NETLIST_8DIRE_16-1114\NETLIST\DEBUG\VC100.PDB
D:\VISUAL STUDIO 2010\PROJECTS\NETLIST_8DIRE_16-1118\DEBUG\NETLIST.EXE
D:\VISUAL STUDIO 2010\PROJECTS\NETLIST_8DIRE_16-1118\DEBUG\NETLIST.ILK
D:\VISUAL STUDIO 2010\PROJECTS\NETLIST_8DIRE_16-1118\DEBUG\NETLIST.PDB
D:\VISUAL STUDIO 2010\PROJECTS\NETLIST_8DIRE_16-1118\NETLIST\DEBUG\NETLIST.EXE.EMBED.MANIFEST.RES
D:\VISUAL STUDIO 2010\PROJECTS\NETLIST_8DIRE_16-1118\NETLIST\DEBUG\NETLIST.EXE.INTERMEDIATE.MANIFEST
D:\VISUAL STUDIO 2010\PROJECTS\NETLIST_8DIRE_16-1118\NETLIST\DEBUG\NRUTIL.OBJ
D:\VISUAL STUDIO 2010\PROJECTS\NETLIST_8DIRE_16-1118\NETLIST\DEBUG\SPICE2.OBJ
D:\VISUAL STUDIO 2010\PROJECTS\NETLIST_8DIRE_16-1118\NETLIST\DEBUG\VC100.PDB
D:\VISUAL STUDIO 2010\PROJECTS\NETLIST\DEBUG\NETLIST.EXE
D:\VISUAL STUDIO 2010\PROJECTS\NETLIST\DEBUG\NETLIST.ILK
D:\VISUAL STUDIO 2010\PROJECTS\NETLIST\DEBUG\NETLIST.PDB
D:\VISUAL STUDIO 2010\PROJECTS\NETLIST\NETLIST\DEBUG\NETLIST.EXE.EMBED.MANIFEST
D:\VISUAL STUDIO 2010\PROJECTS\NETLIST\NETLIST\DEBUG\NETLIST.EXE.EMBED.MANIFEST.RES
D:\VISUAL STUDIO 2010\PROJECTS\NETLIST\NETLIST\DEBUG\NETLIST.EXE.INTERMEDIATE.MANIFEST
D:\VISUAL STUDIO 2010\PROJECTS\NETLIST\NETLIST\DEBUG\NRUTIL.OBJ
D:\VISUAL STUDIO 2010\PROJECTS\NETLIST\NETLIST\DEBUG\SPICE2.OBJ
D:\VISUAL STUDIO 2010\PROJECTS\NETLIST\NETLIST\DEBUG\VC100.PDB
